2021-07-20 21:47:23,714 - pynamics.system - INFO - getting dynamic equations
2021-07-20 21:47:24,213 - pynamics.system - INFO - solving a = f/m and creating function
2021-07-20 21:47:24,361 - pynamics.system - INFO - substituting constrained in Ma-f.
2021-07-20 21:47:24,887 - pynamics.system - INFO - done solving a = f/m and creating function
2021-07-20 21:47:24,888 - pynamics.system - INFO - calculating function for lambdas
2021-07-20 21:47:25,551 - pynamics.integration - INFO - beginning integration
2021-07-20 21:47:25,551 - pynamics.system - INFO - integration at time 0000.00
2021-07-20 21:47:25,790 - pynamics.system - INFO - integration at time 0001.27
2021-07-20 21:47:26,011 - pynamics.system - INFO - integration at time 0003.06
2021-07-20 21:47:26,234 - pynamics.system - INFO - integration at time 0005.72
2021-07-20 21:47:26,460 - pynamics.system - INFO - integration at time 0009.26
2021-07-20 21:47:26,507 - pynamics.integration - INFO - finished integration
2021-07-20 21:47:26,852 - pynamics.output - INFO - calculating outputs
2021-07-20 21:47:26,864 - pynamics.output - INFO - done calculating outputs
2021-07-20 21:47:27,040 - pynamics.output - INFO - calculating outputs
2021-07-20 21:47:27,056 - pynamics.output - INFO - done calculating outputs
2021-07-21 10:10:19,664 - pynamics.system - INFO - getting dynamic equations
2021-07-21 10:10:20,126 - pynamics.system - INFO - solving a = f/m and creating function
2021-07-21 10:10:20,260 - pynamics.system - INFO - substituting constrained in Ma-f.
2021-07-21 10:10:20,371 - pynamics.system - INFO - done solving a = f/m and creating function
2021-07-21 10:10:20,372 - pynamics.system - INFO - calculating function for lambdas
2021-07-21 10:10:20,503 - pynamics.integration - INFO - beginning integration
2021-07-21 10:10:20,504 - pynamics.system - INFO - integration at time 0000.00
2021-07-21 10:10:20,753 - pynamics.system - INFO - integration at time 0001.27
2021-07-21 10:10:20,992 - pynamics.system - INFO - integration at time 0003.06
2021-07-21 10:10:21,231 - pynamics.system - INFO - integration at time 0005.72
2021-07-21 10:10:21,465 - pynamics.system - INFO - integration at time 0009.26
2021-07-21 10:10:21,512 - pynamics.integration - INFO - finished integration
2021-07-21 10:10:21,768 - pynamics.output - INFO - calculating outputs
2021-07-21 10:10:21,781 - pynamics.output - INFO - done calculating outputs
2021-07-21 10:10:21,959 - pynamics.output - INFO - calculating outputs
2021-07-21 10:10:21,977 - pynamics.output - INFO - done calculating outputs
2021-07-21 10:13:43,194 - pynamics.system - INFO - getting dynamic equations
2021-07-21 10:13:43,689 - pynamics.system - INFO - solving a = f/m and creating function
2021-07-21 10:13:43,831 - pynamics.system - INFO - substituting constrained in Ma-f.
2021-07-21 10:13:43,997 - pynamics.system - INFO - done solving a = f/m and creating function
2021-07-21 10:13:43,998 - pynamics.system - INFO - calculating function for lambdas
2021-07-21 10:13:44,120 - pynamics.integration - INFO - beginning integration
2021-07-21 10:13:44,121 - pynamics.system - INFO - integration at time 0000.00
2021-07-21 10:13:44,469 - pynamics.system - INFO - integration at time 0005.08
2021-07-21 10:13:44,546 - pynamics.integration - INFO - finished integration
2021-07-21 10:13:44,785 - pynamics.output - INFO - calculating outputs
2021-07-21 10:13:44,797 - pynamics.output - INFO - done calculating outputs
2021-07-21 10:13:45,143 - pynamics.output - INFO - calculating outputs
2021-07-21 10:13:45,161 - pynamics.output - INFO - done calculating outputs
2021-07-22 15:44:41,122 - pynamics.system - INFO - getting dynamic equations
2021-07-22 15:44:41,439 - pynamics.system - INFO - solving a = f/m and creating function
2021-07-22 15:44:41,451 - pynamics.system - INFO - substituting constrained in Ma-f.
2021-07-22 15:44:41,523 - pynamics.system - INFO - done solving a = f/m and creating function
2021-07-22 15:44:41,627 - pynamics.integration - INFO - beginning integration
2021-07-22 15:44:41,627 - pynamics.system - INFO - integration at time 0000.00
2021-07-22 15:44:41,703 - pynamics.integration - INFO - finished integration
2021-07-22 15:46:57,897 - pynamics.system - INFO - getting dynamic equations
2021-07-22 15:46:58,149 - pynamics.system - INFO - solving a = f/m and creating function
2021-07-22 15:46:58,158 - pynamics.system - INFO - substituting constrained in Ma-f.
2021-07-22 15:46:58,233 - pynamics.system - INFO - done solving a = f/m and creating function
2021-07-22 15:46:58,357 - pynamics.integration - INFO - beginning integration
2021-07-22 15:46:58,358 - pynamics.system - INFO - integration at time 0000.00
2021-07-22 15:46:58,439 - pynamics.integration - INFO - finished integration
2021-07-22 15:46:58,462 - pynamics.output - INFO - calculating outputs
2021-07-22 15:46:58,466 - pynamics.output - INFO - done calculating outputs
2021-07-22 15:47:19,368 - pynamics.system - INFO - getting dynamic equations
2021-07-22 15:47:19,693 - pynamics.system - INFO - solving a = f/m and creating function
2021-07-22 15:47:19,703 - pynamics.system - INFO - substituting constrained in Ma-f.
2021-07-22 15:47:19,789 - pynamics.system - INFO - done solving a = f/m and creating function
2021-07-22 15:47:19,893 - pynamics.integration - INFO - beginning integration
2021-07-22 15:47:19,894 - pynamics.system - INFO - integration at time 0000.00
2021-07-22 15:47:19,971 - pynamics.integration - INFO - finished integration
2021-07-22 15:47:19,999 - pynamics.output - INFO - calculating outputs
2021-07-22 15:47:20,003 - pynamics.output - INFO - done calculating outputs
2021-07-22 15:47:42,105 - pynamics.system - INFO - getting dynamic equations
2021-07-22 15:47:44,371 - pynamics.system - INFO - solving a = f/m and creating function
2021-07-22 15:47:48,229 - pynamics.system - INFO - solving a = f/m and creating function
2021-07-22 15:47:48,240 - pynamics.system - INFO - substituting constrained in Ma-f.
2021-07-22 15:47:48,294 - pynamics.system - INFO - done solving a = f/m and creating function
2021-07-22 15:47:49,850 - pynamics.integration - INFO - beginning integration
2021-07-22 15:47:49,851 - pynamics.system - INFO - integration at time 0000.00
2021-07-22 15:48:07,336 - pynamics.system - INFO - getting dynamic equations
2021-07-22 15:48:07,593 - pynamics.system - INFO - solving a = f/m and creating function
2021-07-22 15:48:07,600 - pynamics.system - INFO - substituting constrained in Ma-f.
2021-07-22 15:48:07,675 - pynamics.system - INFO - done solving a = f/m and creating function
2021-07-22 15:48:07,774 - pynamics.integration - INFO - beginning integration
2021-07-22 15:48:07,775 - pynamics.system - INFO - integration at time 0000.00
2021-07-22 15:48:07,850 - pynamics.integration - INFO - finished integration
2021-07-22 15:48:07,862 - pynamics.output - INFO - calculating outputs
2021-07-22 15:48:07,865 - pynamics.output - INFO - done calculating outputs
2021-07-22 15:48:08,206 - pynamics.system - INFO - getting dynamic equations
2021-07-22 15:48:08,255 - pynamics.system - INFO - solving a = f/m and creating function
2021-07-22 15:48:08,261 - pynamics.system - INFO - substituting constrained in Ma-f.
2021-07-22 15:48:08,290 - pynamics.system - INFO - done solving a = f/m and creating function
2021-07-22 15:48:08,301 - pynamics.integration - INFO - beginning integration
2021-07-22 15:48:08,303 - pynamics.system - INFO - integration at time 0000.00
2021-07-22 15:49:11,660 - pynamics.system - INFO - solving a = f/m and creating function
2021-07-22 15:49:11,668 - pynamics.system - INFO - substituting constrained in Ma-f.
2021-07-22 15:49:11,688 - pynamics.system - INFO - done solving a = f/m and creating function
2021-07-22 15:49:12,395 - pynamics.integration - INFO - beginning integration
2021-07-22 15:49:12,396 - pynamics.system - INFO - integration at time 0000.00
2021-07-22 15:50:18,035 - pynamics.system - INFO - getting dynamic equations
2021-07-22 15:50:21,523 - pynamics.system - INFO - solving a = f/m and creating function
2021-07-22 15:50:21,534 - pynamics.system - INFO - substituting constrained in Ma-f.
2021-07-22 15:50:21,647 - pynamics.system - INFO - done solving a = f/m and creating function
2021-07-22 15:50:24,565 - pynamics.integration - INFO - beginning integration
2021-07-22 15:50:24,566 - pynamics.system - INFO - integration at time 0000.00
2021-07-22 15:55:37,474 - pynamics.system - INFO - getting dynamic equations
2021-07-22 15:55:37,740 - pynamics.system - INFO - solving a = f/m and creating function
2021-07-22 15:55:37,748 - pynamics.system - INFO - substituting constrained in Ma-f.
2021-07-22 15:55:37,826 - pynamics.system - INFO - done solving a = f/m and creating function
2021-07-22 15:55:37,965 - pynamics.integration - INFO - beginning integration
2021-07-22 15:55:37,965 - pynamics.system - INFO - integration at time 0000.00
2021-07-22 15:55:38,040 - pynamics.integration - INFO - finished integration
2021-07-22 15:55:38,056 - pynamics.output - INFO - calculating outputs
2021-07-22 15:55:38,060 - pynamics.output - INFO - done calculating outputs
2021-07-22 15:55:42,177 - pynamics.output - INFO - calculating outputs
2021-07-22 15:55:42,185 - pynamics.output - INFO - done calculating outputs
2021-07-22 15:55:59,515 - pynamics.system - INFO - getting dynamic equations
2021-07-22 15:56:06,499 - pynamics.system - INFO - solving a = f/m and creating function
2021-07-22 15:56:06,510 - pynamics.system - INFO - substituting constrained in Ma-f.
2021-07-22 15:56:06,548 - pynamics.system - INFO - done solving a = f/m and creating function
2021-07-22 15:56:32,054 - pynamics.system - INFO - integration at time 0000.00
2021-07-22 15:59:58,758 - pynamics.system - INFO - getting dynamic equations
2021-07-22 15:59:58,788 - pynamics.system - INFO - solving a = f/m and creating function
2021-07-22 15:59:58,795 - pynamics.system - INFO - substituting constrained in Ma-f.
2021-07-22 15:59:58,927 - pynamics.system - INFO - done solving a = f/m and creating function
2021-07-22 15:59:58,960 - pynamics.system - INFO - integration at time 0000.00
2021-07-22 16:01:02,559 - pynamics.system - INFO - getting dynamic equations
2021-07-22 16:01:02,817 - pynamics.system - INFO - solving a = f/m and creating function
2021-07-22 16:01:02,823 - pynamics.system - INFO - substituting constrained in Ma-f.
2021-07-22 16:01:02,898 - pynamics.system - INFO - done solving a = f/m and creating function
2021-07-22 16:01:03,043 - pynamics.integration - INFO - beginning integration
2021-07-22 16:01:03,046 - pynamics.system - INFO - integration at time 0000.00
2021-07-22 16:01:03,124 - pynamics.integration - INFO - finished integration
2021-07-22 16:01:03,161 - pynamics.output - INFO - calculating outputs
2021-07-22 16:01:03,167 - pynamics.output - INFO - done calculating outputs
2021-07-22 16:01:51,220 - pynamics.system - INFO - getting dynamic equations
2021-07-22 16:01:51,503 - pynamics.system - INFO - solving a = f/m and creating function
2021-07-22 16:01:51,509 - pynamics.system - INFO - substituting constrained in Ma-f.
2021-07-22 16:01:51,582 - pynamics.system - INFO - done solving a = f/m and creating function
2021-07-22 16:01:51,708 - pynamics.integration - INFO - beginning integration
2021-07-22 16:01:51,710 - pynamics.system - INFO - integration at time 0000.00
2021-07-22 16:01:51,776 - pynamics.integration - INFO - finished integration
2021-07-22 16:01:51,797 - pynamics.output - INFO - calculating outputs
2021-07-22 16:01:51,799 - pynamics.output - INFO - done calculating outputs
2021-07-22 16:02:11,335 - pynamics.system - INFO - getting dynamic equations
2021-07-22 16:02:11,356 - pynamics.system - INFO - solving a = f/m and creating function
2021-07-22 16:02:11,373 - pynamics.system - INFO - substituting constrained in Ma-f.
2021-07-22 16:02:11,462 - pynamics.system - INFO - done solving a = f/m and creating function
2021-07-22 16:02:11,552 - pynamics.integration - INFO - beginning integration
2021-07-22 16:02:11,552 - pynamics.system - INFO - integration at time 0000.00
2021-07-22 16:02:11,571 - pynamics.integration - INFO - finished integration
2021-07-22 16:02:11,577 - pynamics.output - INFO - calculating outputs
2021-07-22 16:02:11,583 - pynamics.output - INFO - done calculating outputs
2021-07-22 16:04:17,308 - pynamics.system - INFO - getting dynamic equations
2021-07-22 16:04:17,320 - pynamics.system - INFO - solving a = f/m and creating function
2021-07-22 16:04:17,328 - pynamics.system - INFO - substituting constrained in Ma-f.
2021-07-22 16:04:17,409 - pynamics.system - INFO - done solving a = f/m and creating function
2021-07-22 16:04:17,497 - pynamics.integration - INFO - beginning integration
2021-07-22 16:04:17,498 - pynamics.system - INFO - integration at time 0000.00
2021-07-22 16:04:17,514 - pynamics.integration - INFO - finished integration
2021-07-22 16:04:17,521 - pynamics.output - INFO - calculating outputs
2021-07-22 16:04:17,522 - pynamics.output - INFO - done calculating outputs
2021-07-22 16:05:52,678 - pynamics.system - INFO - getting dynamic equations
2021-07-22 16:05:53,192 - pynamics.system - INFO - solving a = f/m and creating function
2021-07-22 16:05:53,201 - pynamics.system - INFO - substituting constrained in Ma-f.
2021-07-22 16:05:53,303 - pynamics.system - INFO - done solving a = f/m and creating function
2021-07-22 16:05:53,467 - pynamics.integration - INFO - beginning integration
2021-07-22 16:05:53,468 - pynamics.system - INFO - integration at time 0000.00
2021-07-22 16:05:53,551 - pynamics.integration - INFO - finished integration
2021-07-22 16:05:53,596 - pynamics.output - INFO - calculating outputs
2021-07-22 16:05:53,605 - pynamics.output - INFO - done calculating outputs
2021-07-22 16:06:16,472 - pynamics.system - INFO - getting dynamic equations
2021-07-22 16:06:16,966 - pynamics.system - INFO - solving a = f/m and creating function
2021-07-22 16:06:17,132 - pynamics.system - INFO - substituting constrained in Ma-f.
2021-07-22 16:06:17,252 - pynamics.system - INFO - done solving a = f/m and creating function
2021-07-22 16:06:17,253 - pynamics.system - INFO - calculating function for lambdas
2021-07-22 16:06:17,395 - pynamics.integration - INFO - beginning integration
2021-07-22 16:06:17,396 - pynamics.system - INFO - integration at time 0000.00
2021-07-22 16:06:17,547 - pynamics.integration - INFO - finished integration
2021-07-22 16:06:17,790 - pynamics.output - INFO - calculating outputs
2021-07-22 16:06:17,800 - pynamics.output - INFO - done calculating outputs
2021-07-22 16:06:17,983 - pynamics.output - INFO - calculating outputs
2021-07-22 16:06:18,001 - pynamics.output - INFO - done calculating outputs
2021-07-22 16:06:51,683 - pynamics.system - INFO - getting dynamic equations
2021-07-22 16:06:51,727 - pynamics.system - INFO - solving a = f/m and creating function
2021-07-22 16:06:51,763 - pynamics.system - INFO - substituting constrained in Ma-f.
2021-07-22 16:06:51,856 - pynamics.system - INFO - done solving a = f/m and creating function
2021-07-22 16:06:51,948 - pynamics.integration - INFO - beginning integration
2021-07-22 16:06:51,952 - pynamics.system - INFO - integration at time 0000.00
2021-07-22 16:06:52,060 - pynamics.integration - INFO - finished integration
2021-07-22 16:07:00,644 - pynamics.system - INFO - getting dynamic equations
2021-07-22 16:07:00,700 - pynamics.system - INFO - solving a = f/m and creating function
2021-07-22 16:07:00,720 - pynamics.system - INFO - substituting constrained in Ma-f.
2021-07-22 16:07:00,752 - pynamics.system - INFO - done solving a = f/m and creating function
2021-07-22 16:07:00,752 - pynamics.integration - INFO - beginning integration
2021-07-22 16:07:00,752 - pynamics.system - INFO - integration at time 0000.00
2021-07-22 16:07:00,874 - pynamics.integration - INFO - finished integration
2021-07-22 16:07:09,350 - pynamics.system - INFO - getting dynamic equations
2021-07-22 16:07:09,390 - pynamics.system - INFO - solving a = f/m and creating function
2021-07-22 16:07:09,398 - pynamics.system - INFO - substituting constrained in Ma-f.
2021-07-22 16:07:09,428 - pynamics.system - INFO - done solving a = f/m and creating function
2021-07-22 16:07:09,431 - pynamics.integration - INFO - beginning integration
2021-07-22 16:07:09,433 - pynamics.system - INFO - integration at time 0000.00
2021-07-22 16:07:09,555 - pynamics.integration - INFO - finished integration
2021-07-22 16:07:09,558 - pynamics.output - INFO - calculating outputs
2021-07-22 16:07:09,564 - pynamics.output - INFO - done calculating outputs
2021-07-22 16:07:09,564 - pynamics.integration - INFO - beginning integration
2021-07-22 16:07:09,602 - pynamics.system - INFO - integration at time 0002.35
2021-07-22 16:07:09,742 - pynamics.system - INFO - integration at time 0005.44
2021-07-22 16:07:09,878 - pynamics.system - INFO - integration at time 0006.99
2021-07-22 16:07:10,010 - pynamics.system - INFO - integration at time 0008.25
2021-07-22 16:07:10,150 - pynamics.system - INFO - integration at time 0008.95
2021-07-22 16:07:10,288 - pynamics.system - INFO - integration at time 0009.42
2021-07-22 16:07:10,436 - pynamics.system - INFO - integration at time 0009.87
2021-07-22 16:07:10,468 - pynamics.integration - INFO - finished integration
2021-07-22 16:07:10,474 - pynamics.output - INFO - calculating outputs
2021-07-22 16:07:10,479 - pynamics.output - INFO - done calculating outputs
2021-07-22 16:07:10,479 - pynamics.integration - INFO - beginning integration
2021-07-22 16:07:10,606 - pynamics.system - INFO - integration at time 0007.49
2021-07-22 16:07:10,660 - pynamics.integration - INFO - finished integration
2021-07-22 16:07:10,664 - pynamics.output - INFO - calculating outputs
2021-07-22 16:07:10,668 - pynamics.output - INFO - done calculating outputs
2021-07-22 16:09:29,069 - pynamics.system - INFO - getting dynamic equations
2021-07-22 16:09:29,953 - pynamics.system - INFO - solving a = f/m and creating function
2021-07-22 16:09:41,480 - pynamics.system - INFO - substituting constrained in Ma-f.
2021-07-22 16:10:00,742 - pynamics.system - INFO - done solving a = f/m and creating function
2021-07-22 16:10:00,759 - pynamics.integration - INFO - beginning integration
2021-07-22 16:10:00,761 - pynamics.system - INFO - integration at time 0000.00
2021-07-22 16:10:07,578 - pynamics.system - INFO - integration at time 0006.06
2021-07-22 16:10:10,610 - pynamics.integration - INFO - finished integration
2021-07-22 16:10:10,636 - pynamics.output - INFO - calculating outputs
2021-07-22 16:10:10,665 - pynamics.output - INFO - done calculating outputs
2021-07-22 16:10:10,725 - pynamics.output - INFO - calculating outputs
2021-07-22 16:10:10,742 - pynamics.output - INFO - done calculating outputs
